TN:
SF:app/layout.tsx
FN:9,RootLayout
FNF:1
FNH:0
FNDA:0,RootLayout
DA:2,0
DA:4,0
DA:9,0
LF:3
LH:0
BRF:0
BRH:0
end_of_record
TN:
SF:app/page.tsx
FN:14,Home
FN:41,(anonymous_2)
FN:43,(anonymous_3)
FN:49,(anonymous_4)
FN:58,(anonymous_5)
FN:71,(anonymous_6)
FN:86,(anonymous_7)
FN:94,(anonymous_8)
FNF:8
FNH:0
FNDA:0,Home
FNDA:0,(anonymous_2)
FNDA:0,(anonymous_3)
FNDA:0,(anonymous_4)
FNDA:0,(anonymous_5)
FNDA:0,(anonymous_6)
FNDA:0,(anonymous_7)
FNDA:0,(anonymous_8)
DA:3,0
DA:4,0
DA:5,0
DA:6,0
DA:7,0
DA:8,0
DA:9,0
DA:10,0
DA:11,0
DA:14,0
DA:25,0
DA:28,0
DA:31,0
DA:33,0
DA:34,0
DA:40,0
DA:42,0
DA:43,0
DA:49,0
DA:50,0
DA:51,0
DA:53,0
DA:58,0
DA:59,0
DA:60,0
DA:61,0
DA:62,0
DA:63,0
DA:65,0
DA:66,0
DA:71,0
DA:76,0
DA:77,0
DA:78,0
DA:80,0
DA:81,0
DA:86,0
DA:87,0
DA:88,0
DA:90,0
DA:94,0
DA:95,0
DA:96,0
LF:43
LH:0
BRDA:60,0,0,0
BRDA:60,0,1,0
BRDA:87,1,0,0
BRDA:87,1,1,0
BRDA:95,2,0,0
BRDA:95,2,1,0
BRDA:112,3,0,0
BRDA:115,4,0,0
BRDA:115,4,1,0
BRDA:158,5,0,0
BRDA:158,5,1,0
BRF:11
BRH:0
end_of_record
TN:
SF:components/SendTransactionCard.tsx
FN:12,SendTransactionCard
FN:20,(anonymous_2)
FN:38,(anonymous_3)
FN:50,(anonymous_4)
FNF:4
FNH:4
FNDA:14,SendTransactionCard
FNDA:1,(anonymous_2)
FNDA:3,(anonymous_3)
FNDA:3,(anonymous_4)
DA:3,1
DA:4,1
DA:12,7
DA:17,14
DA:18,14
DA:20,14
DA:21,1
DA:22,1
DA:23,1
DA:24,1
DA:25,1
DA:28,14
DA:38,3
DA:50,3
LF:14
LH:14
BRDA:22,0,0,0
BRDA:22,0,1,1
BRDA:22,1,0,1
BRDA:22,1,1,1
BRDA:28,2,0,1
BRDA:28,2,1,13
BRDA:62,3,0,13
BRDA:62,3,1,6
BRDA:62,3,2,3
BRDA:70,4,0,4
BRDA:70,4,1,9
BRF:11
BRH:10
end_of_record
TN:
SF:components/TokenImportCard.tsx
FN:12,TokenImportCard
FN:21,(anonymous_2)
FN:42,(anonymous_3)
FN:54,(anonymous_4)
FN:66,(anonymous_5)
FNF:5
FNH:0
FNDA:0,TokenImportCard
FNDA:0,(anonymous_2)
FNDA:0,(anonymous_3)
FNDA:0,(anonymous_4)
FNDA:0,(anonymous_5)
DA:3,0
DA:4,0
DA:12,0
DA:17,0
DA:18,0
DA:19,0
DA:21,0
DA:22,0
DA:23,0
DA:24,0
DA:29,0
DA:30,0
DA:31,0
DA:42,0
DA:54,0
DA:66,0
LF:16
LH:0
BRDA:23,0,0,0
BRDA:23,0,1,0
BRDA:26,1,0,0
BRDA:26,1,1,0
BRDA:27,2,0,0
BRDA:27,2,1,0
BRDA:77,3,0,0
BRDA:77,3,1,0
BRDA:77,3,2,0
BRDA:85,4,0,0
BRDA:85,4,1,0
BRF:11
BRH:0
end_of_record
TN:
SF:components/TokenListCard.tsx
FN:13,TokenListCard
FN:27,(anonymous_2)
FN:54,(anonymous_3)
FNF:3
FNH:0
FNDA:0,TokenListCard
FNDA:0,(anonymous_2)
FNDA:0,(anonymous_3)
DA:3,0
DA:13,0
DA:28,0
DA:29,0
DA:54,0
LF:5
LH:0
BRDA:24,0,0,0
BRDA:46,1,0,0
BRDA:48,2,0,0
BRDA:48,2,1,0
BRF:4
BRH:0
end_of_record
TN:
SF:components/TransactionHistoryCard.tsx
FN:17,TransactionHistoryCard
FN:32,(anonymous_2)
FN:46,(anonymous_3)
FN:48,(anonymous_4)
FN:51,(anonymous_5)
FN:64,(anonymous_6)
FN:77,(anonymous_7)
FN:88,(anonymous_8)
FN:106,(anonymous_9)
FN:142,(anonymous_10)
FNF:10
FNH:0
FNDA:0,TransactionHistoryCard
FNDA:0,(anonymous_2)
FNDA:0,(anonymous_3)
FNDA:0,(anonymous_4)
FNDA:0,(anonymous_5)
FNDA:0,(anonymous_6)
FNDA:0,(anonymous_7)
FNDA:0,(anonymous_8)
FNDA:0,(anonymous_9)
FNDA:0,(anonymous_10)
DA:3,0
DA:4,0
DA:17,0
DA:24,0
DA:25,0
DA:26,0
DA:27,0
DA:30,0
DA:32,0
DA:33,0
DA:34,0
DA:35,0
DA:37,0
DA:38,0
DA:39,0
DA:40,0
DA:42,0
DA:46,0
DA:48,0
DA:49,0
DA:51,0
DA:52,0
DA:54,0
DA:56,0
DA:58,0
DA:60,0
DA:64,0
DA:65,0
DA:66,0
DA:67,0
DA:77,0
DA:88,0
DA:106,0
DA:143,0
LF:34
LH:0
BRDA:30,0,0,0
BRDA:30,0,1,0
BRDA:33,1,0,0
BRDA:33,1,1,0
BRDA:46,2,0,0
BRDA:46,2,1,0
BRDA:49,3,0,0
BRDA:49,3,1,0
BRDA:52,4,0,0
BRDA:52,4,1,0
BRDA:52,4,2,0
BRDA:52,4,3,0
BRDA:65,5,0,0
BRDA:65,5,1,0
BRDA:66,6,0,0
BRDA:66,6,1,0
BRDA:67,7,0,0
BRDA:67,7,1,0
BRDA:80,8,0,0
BRDA:80,8,1,0
BRDA:91,9,0,0
BRDA:91,9,1,0
BRDA:101,10,0,0
BRDA:125,11,0,0
BRDA:125,11,1,0
BRDA:127,12,0,0
BRDA:135,13,0,0
BRDA:135,13,1,0
BRDA:137,14,0,0
BRDA:137,14,1,0
BRDA:149,15,0,0
BRDA:149,15,1,0
BRDA:157,16,0,0
BRDA:157,16,1,0
BRDA:159,17,0,0
BRDA:159,17,1,0
BRDA:161,18,0,0
BRDA:161,18,1,0
BRDA:166,19,0,0
BRDA:166,19,1,0
BRDA:179,20,0,0
BRDA:191,21,0,0
BRDA:194,22,0,0
BRDA:194,22,1,0
BRDA:202,23,0,0
BRDA:202,23,1,0
BRF:46
BRH:0
end_of_record
TN:
SF:components/WalletCard.tsx
FN:14,WalletCard
FNF:1
FNH:1
FNDA:7,WalletCard
DA:3,1
DA:14,7
LF:2
LH:2
BRDA:27,0,0,7
BRDA:27,0,1,4
BRDA:35,1,0,1
BRDA:35,1,1,6
BRDA:37,2,0,3
BRDA:37,2,1,3
BRDA:42,3,0,7
BRDA:42,3,1,3
BRF:8
BRH:8
end_of_record
